Testing server with io:2  worker:8 concurrent:25 ramp:5 loop:1 limit:10
summary =     25 in 00:00:08 =    3.0/s Avg:  3277 Min:  1892 Max:  4532 Err:     0 (0.00%)
Testing server with io:2  worker:8 concurrent:25 ramp:5 loop:1 limit:100
summary =     25 in 00:00:19 =    1.3/s Avg:  9848 Min:  3241 Max: 13660 Err:     0 (0.00%)
Testing server with io:2  worker:8 concurrent:25 ramp:5 loop:1 limit:1000
summary =     25 in 00:00:39 =    0.6/s Avg: 23333 Min:  8455 Max: 34914 Err:     0 (0.00%)
Testing server with io:2  worker:10 concurrent:25 ramp:5 loop:1 limit:10
summary =     25 in 00:00:05 =    5.0/s Avg:   421 Min:    40 Max:  1702 Err:    25 (100.00%)
Testing server with io:2  worker:10 concurrent:25 ramp:5 loop:1 limit:100
summary =     25 in 00:00:17 =    1.5/s Avg:  8626 Min:  2557 Max: 12207 Err:     0 (0.00%)
Testing server with io:2  worker:10 concurrent:25 ramp:5 loop:1 limit:1000
summary =     25 in 00:00:42 =    0.6/s Avg: 23833 Min:  8975 Max: 37630 Err:     0 (0.00%)
Testing server with io:2  worker:25 concurrent:25 ramp:5 loop:1 limit:10
summary =     25 in 00:00:13 =    1.9/s Avg:  6032 Min:  2812 Max:  8327 Err:     0 (0.00%)
Testing server with io:2  worker:25 concurrent:25 ramp:5 loop:1 limit:100
summary =     25 in 00:00:17 =    1.5/s Avg:  8626 Min:  2557 Max: 12207 Err:     0 (0.00%)
Testing server with io:2  worker:25 concurrent:25 ramp:5 loop:1 limit:1000
summary =     25 in 00:00:46 =    0.5/s Avg: 24885 Min:  7936 Max: 41415 Err:     0 (0.00%)
Testing server with io:2  worker:50 concurrent:25 ramp:5 loop:1 limit:10
summary =     25 in 00:00:08 =    3.0/s Avg:  3675 Min:  2634 Max:  4548 Err:     0 (0.00%)
Testing server with io:2  worker:50 concurrent:25 ramp:5 loop:1 limit:100
summary =     25 in 00:00:13 =    1.9/s Avg:  6198 Min:  3507 Max:  8152 Err:     0 (0.00%)
