2020-01-25 12:16:27,532 INFO o.a.j.u.JMeterUtils: Setting Locale to en_US
2020-01-25 12:16:27,713 INFO o.a.j.JMeter: Loading user properties from: /Users/manohar/Downloads/apache-jmeter-5.1.1/bin/user.properties
2020-01-25 12:16:27,714 INFO o.a.j.JMeter: Loading system properties from: /Users/manohar/Downloads/apache-jmeter-5.1.1/bin/system.properties
2020-01-25 12:16:27,718 INFO o.a.j.JMeter: Setting JMeter property: threads=25
2020-01-25 12:16:27,718 INFO o.a.j.JMeter: Setting JMeter property: rampup=5
2020-01-25 12:16:27,718 INFO o.a.j.JMeter: Setting JMeter property: loop=1
2020-01-25 12:16:27,718 INFO o.a.j.JMeter: Setting JMeter property: limit=100
2020-01-25 12:16:27,730 INFO o.a.j.JMeter: Copyright (c) 1998-2019 The Apache Software Foundation
2020-01-25 12:16:27,731 INFO o.a.j.JMeter: Version 5.1.1 r1855137
2020-01-25 12:16:27,731 INFO o.a.j.JMeter: java.version=1.8.0_151
2020-01-25 12:16:27,731 INFO o.a.j.JMeter: java.vm.name=Java HotSpot(TM) 64-Bit Server VM
2020-01-25 12:16:27,731 INFO o.a.j.JMeter: os.name=Mac OS X
2020-01-25 12:16:27,731 INFO o.a.j.JMeter: os.arch=x86_64
2020-01-25 12:16:27,731 INFO o.a.j.JMeter: os.version=10.12.6
2020-01-25 12:16:27,731 INFO o.a.j.JMeter: file.encoding=UTF-8
2020-01-25 12:16:27,731 INFO o.a.j.JMeter: java.awt.headless=true
2020-01-25 12:16:27,731 INFO o.a.j.JMeter: Max memory     =1908932608
2020-01-25 12:16:27,731 INFO o.a.j.JMeter: Available Processors =4
2020-01-25 12:16:27,738 INFO o.a.j.JMeter: Default Locale=English (United States)
2020-01-25 12:16:27,738 INFO o.a.j.JMeter: JMeter  Locale=English (United States)
2020-01-25 12:16:27,738 INFO o.a.j.JMeter: JMeterHome=/Users/manohar/Downloads/apache-jmeter-5.1.1
2020-01-25 12:16:27,738 INFO o.a.j.JMeter: user.dir  =/Users/manohar/Documents/workspace/appup-devops/docker/qa
2020-01-25 12:16:27,739 INFO o.a.j.JMeter: PWD       =/Users/manohar/Documents/workspace/appup-devops/docker/qa
2020-01-25 12:16:32,744 INFO o.a.j.JMeter: IP: 192.168.7.106 Name: mchapalas-MacBook-Pro.local FullName: 192.168.7.106
2020-01-25 12:16:32,751 INFO o.a.j.s.FileServer: Default base='/Users/manohar/Documents/workspace/appup-devops/docker/qa'
2020-01-25 12:16:32,762 INFO o.a.j.s.FileServer: Set new base='/Users/manohar/Documents/workspace/appup-devops/docker/qa'
2020-01-25 12:16:32,924 INFO o.a.j.s.SaveService: Testplan (JMX) version: 2.2. Testlog (JTL) version: 2.2
2020-01-25 12:16:32,956 INFO o.a.j.s.SaveService: Using SaveService properties file encoding UTF-8
2020-01-25 12:16:32,962 INFO o.a.j.s.SaveService: Using SaveService properties version 5.0
2020-01-25 12:16:32,970 INFO o.a.j.s.SaveService: Loading file: Pushly_postman.postman_collection.jmx
2020-01-25 12:16:33,074 INFO o.a.j.p.h.s.HTTPSamplerBase: Parser for text/html is org.apache.jmeter.protocol.http.parser.LagartoBasedHtmlParser
2020-01-25 12:16:33,074 INFO o.a.j.p.h.s.HTTPSamplerBase: Parser for application/xhtml+xml is org.apache.jmeter.protocol.http.parser.LagartoBasedHtmlParser
2020-01-25 12:16:33,074 INFO o.a.j.p.h.s.HTTPSamplerBase: Parser for application/xml is org.apache.jmeter.protocol.http.parser.LagartoBasedHtmlParser
2020-01-25 12:16:33,074 INFO o.a.j.p.h.s.HTTPSamplerBase: Parser for text/xml is org.apache.jmeter.protocol.http.parser.LagartoBasedHtmlParser
2020-01-25 12:16:33,074 INFO o.a.j.p.h.s.HTTPSamplerBase: Parser for text/vnd.wap.wml is org.apache.jmeter.protocol.http.parser.RegexpHTMLParser
2020-01-25 12:16:33,074 INFO o.a.j.p.h.s.HTTPSamplerBase: Parser for text/css is org.apache.jmeter.protocol.http.parser.CssParser
2020-01-25 12:16:33,275 INFO o.a.j.JMeter: Creating summariser <summary>
2020-01-25 12:16:33,283 INFO o.a.j.e.StandardJMeterEngine: Running the test!
2020-01-25 12:16:33,285 INFO o.a.j.s.SampleEvent: List of sample_variables: []
2020-01-25 12:16:33,285 INFO o.a.j.s.SampleEvent: List of sample_variables: []
2020-01-25 12:16:33,293 INFO o.a.j.e.u.CompoundVariable: Note: Function class names must contain the string: '.functions.'
2020-01-25 12:16:33,293 INFO o.a.j.e.u.CompoundVariable: Note: Function class names must not contain the string: '.gui.'
2020-01-25 12:16:33,789 WARN o.a.j.r.ResultCollector: Error creating directories for /home/agile
2020-01-25 12:16:33,804 INFO o.a.j.JMeter: Running test (1579934793804)
2020-01-25 12:16:33,845 INFO o.a.j.e.StandardJMeterEngine: Starting ThreadGroup: 1 : Http URL/API Test
2020-01-25 12:16:33,845 INFO o.a.j.e.StandardJMeterEngine: Starting 25 threads for group Http URL/API Test.
2020-01-25 12:16:33,845 INFO o.a.j.e.StandardJMeterEngine: Thread will continue on error
2020-01-25 12:16:33,846 INFO o.a.j.t.ThreadGroup: Starting thread group... number=1 threads=25 ramp-up=5 delayedStart=false
2020-01-25 12:16:33,882 INFO o.a.j.t.ThreadGroup: Started thread group number 1
2020-01-25 12:16:33,882 INFO o.a.j.e.StandardJMeterEngine: All thread groups have been started
2020-01-25 12:16:33,959 INFO o.a.j.t.JMeterThread: Thread started: Http URL/API Test 1-1
2020-01-25 12:16:33,961 INFO o.a.j.s.FileServer: Stored: /Users/manohar/Downloads/pushly_message.csv
2020-01-25 12:16:34,014 INFO o.a.j.p.h.s.HTTPHCAbstractImpl: Local host = mchapalas-MacBook-Pro.local
2020-01-25 12:16:34,028 INFO o.a.j.p.h.s.HTTPHC4Impl: HTTP request retry count = 0
2020-01-25 12:16:34,030 INFO o.a.j.s.SampleResult: Note: Sample TimeStamps are START times
2020-01-25 12:16:34,030 INFO o.a.j.s.SampleResult: sampleresult.default.encoding is set to ISO-8859-1
2020-01-25 12:16:34,030 INFO o.a.j.s.SampleResult: sampleresult.useNanoTime=true
2020-01-25 12:16:34,030 INFO o.a.j.s.SampleResult: sampleresult.nanoThreadSleep=5000
2020-01-25 12:16:34,158 INFO o.a.j.t.JMeterThread: Thread started: Http URL/API Test 1-2
2020-01-25 12:16:34,357 INFO o.a.j.t.JMeterThread: Thread started: Http URL/API Test 1-3
2020-01-25 12:16:34,553 INFO o.a.j.t.JMeterThread: Thread started: Http URL/API Test 1-4
2020-01-25 12:16:34,753 INFO o.a.j.t.JMeterThread: Thread started: Http URL/API Test 1-5
2020-01-25 12:16:34,953 INFO o.a.j.t.JMeterThread: Thread started: Http URL/API Test 1-6
2020-01-25 12:16:35,149 INFO o.a.j.t.JMeterThread: Thread started: Http URL/API Test 1-7
2020-01-25 12:16:35,345 INFO o.a.j.t.JMeterThread: Thread started: Http URL/API Test 1-8
2020-01-25 12:16:35,542 INFO o.a.j.t.JMeterThread: Thread started: Http URL/API Test 1-9
2020-01-25 12:16:35,739 INFO o.a.j.t.JMeterThread: Thread started: Http URL/API Test 1-10
2020-01-25 12:16:35,943 INFO o.a.j.t.JMeterThread: Thread started: Http URL/API Test 1-11
2020-01-25 12:16:36,140 INFO o.a.j.t.JMeterThread: Thread started: Http URL/API Test 1-12
2020-01-25 12:16:36,339 INFO o.a.j.t.JMeterThread: Thread started: Http URL/API Test 1-13
2020-01-25 12:16:36,542 INFO o.a.j.t.JMeterThread: Thread started: Http URL/API Test 1-14
2020-01-25 12:16:36,739 INFO o.a.j.t.JMeterThread: Thread started: Http URL/API Test 1-15
2020-01-25 12:16:36,938 INFO o.a.j.t.JMeterThread: Thread started: Http URL/API Test 1-16
2020-01-25 12:16:37,136 INFO o.a.j.t.JMeterThread: Thread started: Http URL/API Test 1-17
2020-01-25 12:16:37,339 INFO o.a.j.t.JMeterThread: Thread started: Http URL/API Test 1-18
2020-01-25 12:16:37,530 INFO o.a.j.t.JMeterThread: Thread started: Http URL/API Test 1-19
2020-01-25 12:16:37,710 INFO o.a.j.t.JMeterThread: Thread is done: Http URL/API Test 1-7
2020-01-25 12:16:37,711 INFO o.a.j.t.JMeterThread: Thread finished: Http URL/API Test 1-7
2020-01-25 12:16:37,730 INFO o.a.j.t.JMeterThread: Thread started: Http URL/API Test 1-20
2020-01-25 12:16:37,926 INFO o.a.j.t.JMeterThread: Thread started: Http URL/API Test 1-21
2020-01-25 12:16:38,126 INFO o.a.j.t.JMeterThread: Thread started: Http URL/API Test 1-22
2020-01-25 12:16:38,329 INFO o.a.j.t.JMeterThread: Thread started: Http URL/API Test 1-23
2020-01-25 12:16:38,512 INFO o.a.j.t.JMeterThread: Thread is done: Http URL/API Test 1-5
2020-01-25 12:16:38,512 INFO o.a.j.t.JMeterThread: Thread finished: Http URL/API Test 1-5
2020-01-25 12:16:38,526 INFO o.a.j.t.JMeterThread: Thread started: Http URL/API Test 1-24
2020-01-25 12:16:38,726 INFO o.a.j.t.JMeterThread: Thread started: Http URL/API Test 1-25
2020-01-25 12:16:38,879 INFO o.a.j.t.JMeterThread: Thread is done: Http URL/API Test 1-8
2020-01-25 12:16:38,879 INFO o.a.j.t.JMeterThread: Thread finished: Http URL/API Test 1-8
2020-01-25 12:16:40,320 INFO o.a.j.t.JMeterThread: Thread is done: Http URL/API Test 1-3
2020-01-25 12:16:40,320 INFO o.a.j.t.JMeterThread: Thread finished: Http URL/API Test 1-3
2020-01-25 12:16:40,515 INFO o.a.j.t.JMeterThread: Thread is done: Http URL/API Test 1-4
2020-01-25 12:16:40,516 INFO o.a.j.t.JMeterThread: Thread finished: Http URL/API Test 1-4
2020-01-25 12:16:41,657 INFO o.a.j.t.JMeterThread: Thread is done: Http URL/API Test 1-6
2020-01-25 12:16:41,657 INFO o.a.j.t.JMeterThread: Thread finished: Http URL/API Test 1-6
2020-01-25 12:16:41,924 INFO o.a.j.t.JMeterThread: Thread is done: Http URL/API Test 1-2
2020-01-25 12:16:41,924 INFO o.a.j.t.JMeterThread: Thread finished: Http URL/API Test 1-2
2020-01-25 12:16:42,789 INFO o.a.j.t.JMeterThread: Thread is done: Http URL/API Test 1-1
2020-01-25 12:16:42,789 INFO o.a.j.t.JMeterThread: Thread finished: Http URL/API Test 1-1
2020-01-25 12:16:43,393 INFO o.a.j.t.JMeterThread: Thread is done: Http URL/API Test 1-9
2020-01-25 12:16:43,393 INFO o.a.j.t.JMeterThread: Thread finished: Http URL/API Test 1-9
2020-01-25 12:16:43,682 INFO o.a.j.t.JMeterThread: Thread is done: Http URL/API Test 1-10
2020-01-25 12:16:43,682 INFO o.a.j.t.JMeterThread: Thread finished: Http URL/API Test 1-10
2020-01-25 12:16:44,317 INFO o.a.j.t.JMeterThread: Thread is done: Http URL/API Test 1-11
2020-01-25 12:16:44,318 INFO o.a.j.t.JMeterThread: Thread finished: Http URL/API Test 1-11
2020-01-25 12:16:44,773 INFO o.a.j.t.JMeterThread: Thread is done: Http URL/API Test 1-12
2020-01-25 12:16:44,774 INFO o.a.j.t.JMeterThread: Thread finished: Http URL/API Test 1-12
2020-01-25 12:16:45,134 INFO o.a.j.t.JMeterThread: Thread is done: Http URL/API Test 1-13
2020-01-25 12:16:45,137 INFO o.a.j.t.JMeterThread: Thread finished: Http URL/API Test 1-13
2020-01-25 12:16:46,676 INFO o.a.j.t.JMeterThread: Thread is done: Http URL/API Test 1-14
2020-01-25 12:16:46,679 INFO o.a.j.t.JMeterThread: Thread finished: Http URL/API Test 1-14
2020-01-25 12:16:46,955 INFO o.a.j.t.JMeterThread: Thread is done: Http URL/API Test 1-16
2020-01-25 12:16:46,955 INFO o.a.j.t.JMeterThread: Thread finished: Http URL/API Test 1-16
2020-01-25 12:16:47,016 INFO o.a.j.t.JMeterThread: Thread is done: Http URL/API Test 1-15
2020-01-25 12:16:47,016 INFO o.a.j.t.JMeterThread: Thread finished: Http URL/API Test 1-15
2020-01-25 12:16:47,621 INFO o.a.j.t.JMeterThread: Thread is done: Http URL/API Test 1-17
2020-01-25 12:16:47,622 INFO o.a.j.t.JMeterThread: Thread finished: Http URL/API Test 1-17
2020-01-25 12:16:47,853 INFO o.a.j.t.JMeterThread: Thread is done: Http URL/API Test 1-18
2020-01-25 12:16:47,853 INFO o.a.j.t.JMeterThread: Thread finished: Http URL/API Test 1-18
2020-01-25 12:16:48,171 INFO o.a.j.t.JMeterThread: Thread is done: Http URL/API Test 1-20
2020-01-25 12:16:48,171 INFO o.a.j.t.JMeterThread: Thread finished: Http URL/API Test 1-20
2020-01-25 12:16:48,178 INFO o.a.j.t.JMeterThread: Thread is done: Http URL/API Test 1-19
2020-01-25 12:16:48,178 INFO o.a.j.t.JMeterThread: Thread finished: Http URL/API Test 1-19
2020-01-25 12:16:48,935 INFO o.a.j.t.JMeterThread: Thread is done: Http URL/API Test 1-21
2020-01-25 12:16:48,935 INFO o.a.j.t.JMeterThread: Thread finished: Http URL/API Test 1-21
2020-01-25 12:16:49,234 INFO o.a.j.t.JMeterThread: Thread is done: Http URL/API Test 1-22
2020-01-25 12:16:49,234 INFO o.a.j.t.JMeterThread: Thread finished: Http URL/API Test 1-22
2020-01-25 12:16:49,637 INFO o.a.j.t.JMeterThread: Thread is done: Http URL/API Test 1-23
2020-01-25 12:16:49,637 INFO o.a.j.t.JMeterThread: Thread finished: Http URL/API Test 1-23
2020-01-25 12:16:49,642 INFO o.a.j.t.JMeterThread: Thread is done: Http URL/API Test 1-24
2020-01-25 12:16:49,643 INFO o.a.j.t.JMeterThread: Thread finished: Http URL/API Test 1-24
2020-01-25 12:16:50,939 INFO o.a.j.t.JMeterThread: Thread is done: Http URL/API Test 1-25
2020-01-25 12:16:50,939 INFO o.a.j.t.JMeterThread: Thread finished: Http URL/API Test 1-25
2020-01-25 12:16:50,939 INFO o.a.j.e.StandardJMeterEngine: Notifying test listeners of end of test
2020-01-25 12:16:50,939 INFO o.a.j.s.FileServer: Close: /Users/manohar/Downloads/pushly_message.csv
2020-01-25 12:16:50,940 INFO o.a.j.r.Summariser: summary =     25 in 00:00:17 =    1.5/s Avg:  8626 Min:  2557 Max: 12207 Err:     0 (0.00%)
